<?xml version="1.0" encoding="UTF-8"?>
<coverage generated="1733340322758" clover="3.2.0">
  <project timestamp="1733340322758" name="All files">
    <metrics statements="6" coveredstatements="6" conditionals="0" coveredconditionals="0" methods="0" coveredmethods="0" elements="6" coveredelements="6" complexity="0" loc="6" ncloc="6" packages="1" files="3" classes="3"/>
    <file name="task-schema.js" path="/Users/christinadechalk/project-pomodoro/packages/backend/task-schema.js">
      <metrics statements="2" coveredstatements="2" conditionals="0" coveredconditionals="0" methods="0" coveredmethods="0"/>
      <line num="4" count="1" type="stmt"/>
      <line num="13" count="1" type="stmt"/>
    </file>
    <file name="timer-schema.js" path="/Users/christinadechalk/project-pomodoro/packages/backend/timer-schema.js">
      <metrics statements="2" coveredstatements="2" conditionals="0" coveredconditionals="0" methods="0" coveredmethods="0"/>
      <line num="3" count="1" type="stmt"/>
      <line num="10" count="1" type="stmt"/>
    </file>
    <file name="user_schema.js" path="/Users/christinadechalk/project-pomodoro/packages/backend/user_schema.js">
      <metrics statements="2" coveredstatements="2" conditionals="0" coveredconditionals="0" methods="0" coveredmethods="0"/>
      <line num="4" count="1" type="stmt"/>
      <line num="33" count="1" type="stmt"/>
    </file>
  </project>
</coverage>
