{"/Users/christinadechalk/project-pomodoro/packages/backend/task-schema.js": {"path":"/Users/christinadechalk/project-pomodoro/packages/backend/task-schema.js","statementMap":{"0":{"start":{"line":4,"column":19},"end":{"line":11,"column":1}},"1":{"start":{"line":13,"column":13},"end":{"line":13,"column":47}}},"fnMap":{},"branchMap":{},"s":{"0":1,"1":1},"f":{},"b":{},"_coverageSchema":"1a1c01bbd47fc00a2c39e90264f33305004495a9","hash":"9cb9dd99e72111bf1479a5b6fbd32292f003a8e6"}
,"/Users/christinadechalk/project-pomodoro/packages/backend/timer-schema.js": {"path":"/Users/christinadechalk/project-pomodoro/packages/backend/timer-schema.js","statementMap":{"0":{"start":{"line":3,"column":20},"end":{"line":8,"column":2}},"1":{"start":{"line":10,"column":14},"end":{"line":10,"column":50}}},"fnMap":{},"branchMap":{},"s":{"0":1,"1":1},"f":{},"b":{},"_coverageSchema":"1a1c01bbd47fc00a2c39e90264f33305004495a9","hash":"3317deaf8d07572b638fee2b254d7927aca6ae8a"}
,"/Users/christinadechalk/project-pomodoro/packages/backend/user_schema.js": {"path":"/Users/christinadechalk/project-pomodoro/packages/backend/user_schema.js","statementMap":{"0":{"start":{"line":4,"column":19},"end":{"line":31,"column":1}},"1":{"start":{"line":33,"column":13},"end":{"line":33,"column":47}}},"fnMap":{},"branchMap":{},"s":{"0":1,"1":1},"f":{},"b":{},"_coverageSchema":"1a1c01bbd47fc00a2c39e90264f33305004495a9","hash":"2058610b67f170a075b922254f2c5bd92b31e386"}
}
